#
# There is insufficient memory for the Java Runtime Environment to continue.
# Native memory allocation (mmap) failed to map 184549376 bytes for G1 virtual space
# Possible reasons:
#   The system is out of physical RAM or swap space
#   The process is running with CompressedOops enabled, and the Java Heap may be blocking the growth of the native heap
# Possible solutions:
#   Reduce memory load on the system
#   Increase physical memory or swap space
#   Check if swap backing store is full
#   Decrease Java heap size (-Xmx/-Xms)
#   Decrease number of Java threads
#   Decrease Java thread stack sizes (-Xss)
#   Set larger code cache with -XX:ReservedCodeCacheSize=
#   JVM is running with Zero Based Compressed Oops mode in which the Java heap is
#     placed in the first 32GB address space. The Java Heap base address is the
#     maximum limit for the native heap growth. Please use -XX:HeapBaseMinAddress
#     to set the Java Heap base and to place the Java Heap above 32GB virtual address.
# This output file may be truncated or incomplete.
#
#  Out of Memory Error (os_windows.cpp:3532), pid=8036, tid=13136
#
# JRE version:  (17.0.2+8) (build )
# Java VM: OpenJDK 64-Bit Server VM (17.0.2+8-LTS, mixed mode, sharing, tiered, compressed oops, compressed class ptrs, g1 gc, windows-amd64)
# No core dump will be written. Minidumps are not enabled by default on client versions of Windows
#

---------------  S U M M A R Y ------------

Command Line: org.jetbrains.kotlin.cli.jvm.K2JVMCompiler @C:\Users\dlrgu\StudioProjects\gradUserApp\app\build\20220511_9812156346831744652.compiler.options

Host: AMD Ryzen 5 2500U with Radeon Vega Mobile Gfx  , 8 cores, 10G,  Windows 10 , 64 bit Build 19041 (10.0.19041.1682)
Time: Wed May 11 15:21:11 2022  Windows 10 , 64 bit Build 19041 (10.0.19041.1682) elapsed time: 0.015792 seconds (0d 0h 0m 0s)

---------------  T H R E A D  ---------------

Current thread (0x0000028abac57ee0):  JavaThread "Unknown thread" [_thread_in_vm, id=13136, stack(0x000000b50d200000,0x000000b50d300000)]

Stack: [0x000000b50d200000,0x000000b50d300000]
Native frames: (J=compiled Java code, j=interpreted, Vv=VM code, C=native code)
V  [jvm.dll+0x6455ba]
V  [jvm.dll+0x7f6134]
V  [jvm.dll+0x7f78ee]
V  [jvm.dll+0x7f7f43]
V  [jvm.dll+0x234918]
V  [jvm.dll+0x6424fa]
V  [jvm.dll+0x636ed2]
V  [jvm.dll+0x2f2979]
V  [jvm.dll+0x2f9b56]
V  [jvm.dll+0x3455ba]
V  [jvm.dll+0x3457ff]
V  [jvm.dll+0x2c8e98]
V  [jvm.dll+0x2c9e29]
V  [jvm.dll+0x7c9881]
V  [jvm.dll+0x3529d1]
V  [jvm.dll+0x7a9cae]
V  [jvm.dll+0x3ce2b3]
V  [jvm.dll+0x3cfcf1]
C  [jli.dll+0x51af]
C  [ucrtbase.dll+0x21bb2]
C  [KERNEL32.DLL+0x17034]
C  [ntdll.dll+0x52651]


---------------  P R O C E S S  ---------------

Threads class SMR info:
_java_thread_list=0x00007ffcbfffc6d8, length=0, elements={
}

Java Threads: ( => current thread )

Other Threads:
  0x0000028abacac070 GCTaskThread "GC Thread#0" [stack: 0x000000b50d300000,0x000000b50d400000] [id=8892]
  0x0000028abacb7e00 ConcurrentGCThread "G1 Main Marker" [stack: 0x000000b50d400000,0x000000b50d500000] [id=8904]
  0x0000028abacb9050 ConcurrentGCThread "G1 Conc#0" [stack: 0x000000b50d500000,0x000000b50d600000] [id=12760]

[error occurred during error reporting (printing all threads), id 0xc0000005, EXCEPTION_ACCESS_VIOLATION (0xc0000005) at pc=0x00007ffcbf7ea077]

VM state: not at safepoint (not fully initialized)

VM Mutex/Monitor currently owned by a thread:  ([mutex/lock_event])
[0x0000028abac54210] Heap_lock - owner thread: 0x0000028abac57ee0

Heap address: 0x0000000751a00000, size: 2790 MB, Compressed Oops mode: Zero based, Oop shift amount: 3

CDS archive(s) mapped at: [0x0000000000000000-0x0000000000000000-0x0000000000000000), size 0, SharedBaseAddress: 0x0000000800000000, ArchiveRelocationMode: 0.
Narrow klass base: 0x0000000000000000, Narrow klass shift: 0, Narrow klass range: 0x0

GC Precious Log:
<Empty>

Heap:
 garbage-first heap   total 0K, used 0K [0x0000000751a00000, 0x0000000800000000)
  region size 2048K, 0 young (0K), 0 survivors (0K)

[error occurred during error reporting (printing heap information), id 0xc0000005, EXCEPTION_ACCESS_VIOLATION (0xc0000005) at pc=0x00007ffcbfbacf39]

GC Heap History (0 events):
No events

Deoptimization events (0 events):
No events

Classes unloaded (0 events):
No events

Classes redefined (0 events):
No events

Internal exceptions (0 events):
No events

VM Operations (0 events):
No events

Events (1 events):
Event: 0.010 Loaded shared library C:\Users\dlrgu\.jdks\corretto-17.0.2\bin\java.dll


Dynamic libraries:
0x00007ff6d0040000 - 0x00007ff6d004d000 	C:\Users\dlrgu\.jdks\corretto-17.0.2\bin\java.exe
0x00007ffd0df50000 - 0x00007ffd0e145000 	C:\Windows\SYSTEM32\ntdll.dll
0x00007ffd0cd90000 - 0x00007ffd0ce4d000 	C:\Windows\System32\KERNEL32.DLL
0x00007ffd0b910000 - 0x00007ffd0bbdd000 	C:\Windows\System32\KERNELBASE.dll
0x00007ffd08b30000 - 0x00007ffd08bc0000 	C:\Windows\SYSTEM32\apphelp.dll
0x00007ffd0b660000 - 0x00007ffd0b760000 	C:\Windows\System32\ucrtbase.dll
0x00007ffd06e10000 - 0x00007ffd06e28000 	C:\Users\dlrgu\.jdks\corretto-17.0.2\bin\jli.dll
0x00007ffd06e30000 - 0x00007ffd06e45000 	C:\Users\dlrgu\.jdks\corretto-17.0.2\bin\VCRUNTIME140.dll
0x00007ffd0dd50000 - 0x00007ffd0def0000 	C:\Windows\System32\USER32.dll
0x00007ffd0bc10000 - 0x00007ffd0bc32000 	C:\Windows\System32\win32u.dll
0x00007ffd0cb60000 - 0x00007ffd0cb8a000 	C:\Windows\System32\GDI32.dll
0x00007ffcfc6c0000 - 0x00007ffcfc95a000 	C:\Windows\WinSxS\amd64_microsoft.windows.common-controls_6595b64144ccf1df_6.0.19041.1110_none_60b5254171f9507e\COMCTL32.dll
0x00007ffd0be90000 - 0x00007ffd0bf9b000 	C:\Windows\System32\gdi32full.dll
0x00007ffd0d620000 - 0x00007ffd0d6be000 	C:\Windows\System32\msvcrt.dll
0x00007ffd0bdf0000 - 0x00007ffd0be8d000 	C:\Windows\System32\msvcp_win.dll
0x00007ffd0d450000 - 0x00007ffd0d480000 	C:\Windows\System32\IMM32.DLL
0x00007ffd06d70000 - 0x00007ffd06e0b000 	C:\Users\dlrgu\.jdks\corretto-17.0.2\bin\msvcp140.dll
0x00007ffcbf510000 - 0x00007ffcc012a000 	C:\Users\dlrgu\.jdks\corretto-17.0.2\bin\server\jvm.dll
0x00007ffd0cfe0000 - 0x00007ffd0d08e000 	C:\Windows\System32\ADVAPI32.dll
0x00007ffd0cf40000 - 0x00007ffd0cfdc000 	C:\Windows\System32\sechost.dll
0x00007ffd0d4f0000 - 0x00007ffd0d615000 	C:\Windows\System32\RPCRT4.dll
0x00007ffd0d440000 - 0x00007ffd0d448000 	C:\Windows\System32\PSAPI.DLL
0x00007ffd02a20000 - 0x00007ffd02a47000 	C:\Windows\SYSTEM32\WINMM.dll
0x00007ffd00cd0000 - 0x00007ffd00cd9000 	C:\Windows\SYSTEM32\WSOCK32.dll
0x00007ffd02a50000 - 0x00007ffd02a5a000 	C:\Windows\SYSTEM32\VERSION.dll
0x00007ffd0ce50000 - 0x00007ffd0cebb000 	C:\Windows\System32\WS2_32.dll
0x00007ffd09de0000 - 0x00007ffd09df2000 	C:\Windows\SYSTEM32\kernel.appcore.dll
0x00007ffd05580000 - 0x00007ffd0558a000 	C:\Users\dlrgu\.jdks\corretto-17.0.2\bin\jimage.dll
0x00007ffd09bd0000 - 0x00007ffd09db4000 	C:\Windows\SYSTEM32\DBGHELP.DLL
0x00007ffcfb330000 - 0x00007ffcfb35c000 	C:\Windows\SYSTEM32\dbgcore.DLL
0x00007ffd0b880000 - 0x00007ffd0b902000 	C:\Windows\System32\bcryptPrimitives.dll
0x00007ffd042b0000 - 0x00007ffd042d5000 	C:\Users\dlrgu\.jdks\corretto-17.0.2\bin\java.dll

dbghelp: loaded successfully - version: 4.0.5 - missing functions: none
symbol engine: initialized successfully - sym options: 0x614 - pdb path: .;C:\Users\dlrgu\.jdks\corretto-17.0.2\bin;C:\Windows\SYSTEM32;C:\Windows\WinSxS\amd64_microsoft.windows.common-controls_6595b64144ccf1df_6.0.19041.1110_none_60b5254171f9507e;C:\Users\dlrgu\.jdks\corretto-17.0.2\bin\server

VM Arguments:
java_command: org.jetbrains.kotlin.cli.jvm.K2JVMCompiler @C:\Users\dlrgu\StudioProjects\gradUserApp\app\build\20220511_9812156346831744652.compiler.options
java_class_path (initial): C:\Users\dlrgu\.gradle\caches\modules-2\files-2.1\org.jetbrains.kotlin\kotlin-compiler-embeddable\1.6.21\97bdd5a752ce73b58ef16c17bc7f0ea2faff7a2e\kotlin-compiler-embeddable-1.6.21.jar;C:\Users\dlrgu\.gradle\caches\modules-2\files-2.1\org.jetbrains.kotlin\kotlin-reflect\1.6.21\5dc3574d9b7bebfcb4ec6b10ada4aaa9e140bd0b\kotlin-reflect-1.6.21.jar;C:\Users\dlrgu\.gradle\caches\modules-2\files-2.1\org.jetbrains.kotlin\kotlin-stdlib\1.6.21\11ef67f1900634fd951bad28c53ec957fabbe5b8\kotlin-stdlib-1.6.21.jar;C:\Users\dlrgu\.gradle\caches\modules-2\files-2.1\org.jetbrains.kotlin\kotlin-script-runtime\1.6.21\99c6675100da5d6d5b1c5a1032f27f28008d101b\kotlin-script-runtime-1.6.21.jar;C:\Users\dlrgu\.gradle\caches\modules-2\files-2.1\org.jetbrains.kotlin\kotlin-daemon-embeddable\1.6.21\46b78cf392e1c4f10854c3cadba44abb7b82250f\kotlin-daemon-embeddable-1.6.21.jar;C:\Users\dlrgu\.gradle\caches\modules-2\files-2.1\org.jetbrains.intellij.deps\trove4j\1.0.20200330\3afb14d5f9ceb459d724e907a21145e8ff394f02\trove4j-1.0.20200330.jar;C:\Users\dlrgu\.gradle\caches\modules-2\files-2.1\net.java.dev.jna\jna\5.6.0\330f2244e9030119ab3030fc3fededc86713d9cc\jna-5.6.0.jar;C:\Users\dlrgu\.gradle\caches\modules-2\files-2.1\org.jetbrains.kotlin\kotlin-stdlib-common\1.6.21\5e5b55c26dbc80372a920aef60eb774b714559b8\kotlin-stdlib-common-1.6.21.jar;C:\Users\dlrgu\.gradle\caches\modules-2\files-2.1\org.jetbrains\annotations\13.0\919f0dfe192fb4e063e7dacadee7f8bb9a2672a9\annotations-13.0.jar
Launcher Type: SUN_STANDARD

[Global flags]
     intx CICompilerCount                          = 4                                         {product} {ergonomic}
     uint ConcGCThreads                            = 2                                         {product} {ergonomic}
     uint G1ConcRefinementThreads                  = 8                                         {product} {ergonomic}
   size_t G1HeapRegionSize                         = 2097152                                   {product} {ergonomic}
    uintx GCDrainStackTargetSize                   = 64                                        {product} {ergonomic}
   size_t InitialHeapSize                          = 184549376                                 {product} {ergonomic}
   size_t MarkStackSize                            = 4194304                                   {product} {ergonomic}
   size_t MaxHeapSize                              = 2925527040                                {product} {ergonomic}
   size_t MinHeapDeltaBytes                        = 2097152                                   {product} {ergonomic}
   size_t MinHeapSize                              = 8388608                                   {product} {ergonomic}
    uintx NonNMethodCodeHeapSize                   = 5839372                                {pd product} {ergonomic}
    uintx NonProfiledCodeHeapSize                  = 122909434                              {pd product} {ergonomic}
    uintx ProfiledCodeHeapSize                     = 122909434                              {pd product} {ergonomic}
    uintx ReservedCodeCacheSize                    = 251658240                              {pd product} {ergonomic}
     bool SegmentedCodeCache                       = true                                      {product} {ergonomic}
   size_t SoftMaxHeapSize                          = 2925527040                             {manageable} {ergonomic}
     bool UseCompressedClassPointers               = true                           {product lp64_product} {ergonomic}
     bool UseCompressedOops                        = true                           {product lp64_product} {ergonomic}
     bool UseG1GC                                  = true                                      {product} {ergonomic}
     bool UseLargePagesIndividualAllocation        = false                                  {pd product} {ergonomic}

Logging:
Log output configuration:
 #0: stdout all=warning uptime,level,tags
 #1: stderr all=off uptime,level,tags

Environment Variables:
PATH=C:\Program Files (x86)\VMware\VMware Player\bin\;C:\Windows\system32;C:\Windows;C:\Windows\System32\Wbem;C:\Windows\System32\WindowsPowerShell\v1.0\;C:\Windows\System32\OpenSSH\;C:\Program Files\Bandizip\;C:\Program Files\Git\cmd;C:\Program Files\Microsoft VS Code\bin;C:\Program Files\MySQL\MySQL Shell 8.0\bin\;C:\Users\dlrgu\AppData\Local\Microsoft\WindowsApps;
USERNAME=dlrgu
OS=Windows_NT
PROCESSOR_IDENTIFIER=AMD64 Family 23 Model 17 Stepping 0, AuthenticAMD



---------------  S Y S T E M  ---------------

OS:
 Windows 10 , 64 bit Build 19041 (10.0.19041.1682)
OS uptime: 0 days 1:10 hours

CPU: total 8 (initial active 8) (8 cores per cpu, 2 threads per core) family 23 model 17 stepping 0 microcode 0x0, cx8, cmov, fxsr, ht, mmx, 3dnowpref, sse, sse2, sse3, ssse3, sse4a, sse4.1, sse4.2, popcnt, lzcnt, tsc, tscinvbit, avx, avx2, aes, clmul, bmi1, bmi2, adx, sha, fma, vzeroupper, clflush, clflushopt

Memory: 4k page, system-wide physical 11156M (560M free)
TotalPageFile size 11156M (AvailPageFile size 166M)
current process WorkingSet (physical memory assigned to process): 11M, peak: 11M
current process commit charge ("private bytes"): 60M, peak: 235M

vm_info: OpenJDK 64-Bit Server VM (17.0.2+8-LTS) for windows-amd64 JRE (17.0.2+8-LTS), built on Jan 17 2022 05:07:39 by "Administrator" with MS VC++ 15.9 (VS2017)

END.
