#
# There is insufficient memory for the Java Runtime Environment to continue.
# Native memory allocation (malloc) failed to allocate 1048576 bytes for AllocateHeap
# Possible reasons:
#   The system is out of physical RAM or swap space
#   The process is running with CompressedOops enabled, and the Java Heap may be blocking the growth of the native heap
# Possible solutions:
#   Reduce memory load on the system
#   Increase physical memory or swap space
#   Check if swap backing store is full
#   Decrease Java heap size (-Xmx/-Xms)
#   Decrease number of Java threads
#   Decrease Java thread stack sizes (-Xss)
#   Set larger code cache with -XX:ReservedCodeCacheSize=
#   JVM is running with Zero Based Compressed Oops mode in which the Java heap is
#     placed in the first 32GB address space. The Java Heap base address is the
#     maximum limit for the native heap growth. Please use -XX:HeapBaseMinAddress
#     to set the Java Heap base and to place the Java Heap above 32GB virtual address.
# This output file may be truncated or incomplete.
#
#  Out of Memory Error (allocation.cpp:44), pid=6920, tid=14184
#
# JRE version:  (17.0.2+8) (build )
# Java VM: OpenJDK 64-Bit Server VM (17.0.2+8-86, mixed mode, sharing, tiered, compressed oops, compressed class ptrs, g1 gc, windows-amd64)
# No core dump will be written. Minidumps are not enabled by default on client versions of Windows
#

---------------  S U M M A R Y ------------

Command Line: org.jetbrains.kotlin.cli.jvm.K2JVMCompiler @D:\UserApplication\app\build\20220301_2227128671069300756.compiler.options

Host: AMD Ryzen 5 2500U with Radeon Vega Mobile Gfx  , 8 cores, 10G,  Windows 10 , 64 bit Build 19041 (10.0.19041.1503)
Time: Tue Mar  1 15:20:53 2022  Windows 10 , 64 bit Build 19041 (10.0.19041.1503) elapsed time: 0.017659 seconds (0d 0h 0m 0s)

---------------  T H R E A D  ---------------

Current thread (0x0000023682b8b890):  JavaThread "Unknown thread" [_thread_in_vm, id=14184, stack(0x000000b6dbe00000,0x000000b6dbf00000)]

Stack: [0x000000b6dbe00000,0x000000b6dbf00000]
Native frames: (J=compiled Java code, j=interpreted, Vv=VM code, C=native code)
V  [jvm.dll+0x670baa]
V  [jvm.dll+0x7cfcb4]
V  [jvm.dll+0x7d145e]
V  [jvm.dll+0x7d1ac3]
V  [jvm.dll+0x242bc5]
V  [jvm.dll+0xa4b93]
V  [jvm.dll+0x2e0f37]
V  [jvm.dll+0x2d8e0b]
V  [jvm.dll+0x7a18c1]
V  [jvm.dll+0x365a91]
V  [jvm.dll+0x780d2c]
V  [jvm.dll+0x3e845f]
V  [jvm.dll+0x3e9f01]
C  [jli.dll+0x527b]
C  [ucrtbase.dll+0x21bb2]
C  [KERNEL32.DLL+0x17034]
C  [ntdll.dll+0x52651]


---------------  P R O C E S S  ---------------

Threads class SMR info:
_java_thread_list=0x00007ffcf1879858, length=0, elements={
}

Java Threads: ( => current thread )

Other Threads:
  0x0000023682bcb650 GCTaskThread "GC Thread#0" [stack: 0x000000b6dbf00000,0x000000b6dc000000] [id=3252]

[error occurred during error reporting (printing all threads), id 0xc0000005, EXCEPTION_ACCESS_VIOLATION (0xc0000005) at pc=0x00007ffcf10c5e80]

VM state: not at safepoint (not fully initialized)

VM Mutex/Monitor currently owned by a thread:  ([mutex/lock_event])
[0x0000023682b86dc0] Heap_lock - owner thread: 0x0000023682b8b890

Heap address: 0x0000000751a00000, size: 2790 MB, Compressed Oops mode: Zero based, Oop shift amount: 3

CDS archive(s) mapped at: [0x0000000000000000-0x0000000000000000-0x0000000000000000), size 0, SharedBaseAddress: 0x0000000800000000, ArchiveRelocationMode: 0.
Narrow klass base: 0x0000000000000000, Narrow klass shift: 0, Narrow klass range: 0x0

GC Precious Log:
<Empty>

Heap:
 garbage-first heap   total 0K, used 0K [0x0000000751a00000, 0x0000000800000000)
  region size 2048K, 0 young (0K), 0 survivors (0K)

[error occurred during error reporting (printing heap information), id 0xc0000005, EXCEPTION_ACCESS_VIOLATION (0xc0000005) at pc=0x00007ffcf14a9f19]

GC Heap History (0 events):
No events

Deoptimization events (0 events):
No events

Classes unloaded (0 events):
No events

Classes redefined (0 events):
No events

Internal exceptions (0 events):
No events

VM Operations (0 events):
No events

Events (1 events):
Event: 0.011 Loaded shared library C:\Programming\openjdk-17.0.2\bin\java.dll


Dynamic libraries:
0x00007ff75a3f0000 - 0x00007ff75a3fe000 	C:\Programming\openjdk-17.0.2\bin\java.exe
0x00007ffd52a70000 - 0x00007ffd52c65000 	C:\Windows\SYSTEM32\ntdll.dll
0x00007ffd51d60000 - 0x00007ffd51e1e000 	C:\Windows\System32\KERNEL32.DLL
0x00007ffd50420000 - 0x00007ffd506e8000 	C:\Windows\System32\KERNELBASE.dll
0x00007ffd50840000 - 0x00007ffd50940000 	C:\Windows\System32\ucrtbase.dll
0x00007ffd30ae0000 - 0x00007ffd30afa000 	C:\Programming\openjdk-17.0.2\bin\VCRUNTIME140.dll
0x00007ffd31250000 - 0x00007ffd31268000 	C:\Programming\openjdk-17.0.2\bin\jli.dll
0x00007ffd51e20000 - 0x00007ffd51fc0000 	C:\Windows\System32\USER32.dll
0x00007ffd3fbf0000 - 0x00007ffd3fe8a000 	C:\Windows\WinSxS\amd64_microsoft.windows.common-controls_6595b64144ccf1df_6.0.19041.1110_none_60b5254171f9507e\COMCTL32.dll
0x00007ffd50310000 - 0x00007ffd50332000 	C:\Windows\System32\win32u.dll
0x00007ffd51fd0000 - 0x00007ffd5206e000 	C:\Windows\System32\msvcrt.dll
0x00007ffd50e20000 - 0x00007ffd50e4b000 	C:\Windows\System32\GDI32.dll
0x00007ffd509b0000 - 0x00007ffd50abd000 	C:\Windows\System32\gdi32full.dll
0x00007ffd507a0000 - 0x00007ffd5083d000 	C:\Windows\System32\msvcp_win.dll
0x00007ffd50c10000 - 0x00007ffd50c40000 	C:\Windows\System32\IMM32.DLL
0x00007ffd30ad0000 - 0x00007ffd30adc000 	C:\Programming\openjdk-17.0.2\bin\vcruntime140_1.dll
0x00007ffd2a490000 - 0x00007ffd2a51d000 	C:\Programming\openjdk-17.0.2\bin\msvcp140.dll
0x00007ffcf0de0000 - 0x00007ffcf19a1000 	C:\Programming\openjdk-17.0.2\bin\server\jvm.dll
0x00007ffd50c40000 - 0x00007ffd50cee000 	C:\Windows\System32\ADVAPI32.dll
0x00007ffd52870000 - 0x00007ffd5290c000 	C:\Windows\System32\sechost.dll
0x00007ffd50f10000 - 0x00007ffd51035000 	C:\Windows\System32\RPCRT4.dll
0x00007ffd51fc0000 - 0x00007ffd51fc8000 	C:\Windows\System32\PSAPI.DLL
0x00007ffd4b860000 - 0x00007ffd4b869000 	C:\Windows\SYSTEM32\WSOCK32.dll
0x00007ffd51c90000 - 0x00007ffd51cfb000 	C:\Windows\System32\WS2_32.dll
0x00007ffd48e60000 - 0x00007ffd48e6a000 	C:\Windows\SYSTEM32\VERSION.dll
0x00007ffd47460000 - 0x00007ffd47487000 	C:\Windows\SYSTEM32\WINMM.dll
0x00007ffd4e8f0000 - 0x00007ffd4e902000 	C:\Windows\SYSTEM32\kernel.appcore.dll
0x00007ffd30ac0000 - 0x00007ffd30aca000 	C:\Programming\openjdk-17.0.2\bin\jimage.dll
0x00007ffd4df30000 - 0x00007ffd4e114000 	C:\Windows\SYSTEM32\DBGHELP.DLL
0x00007ffd3d5c0000 - 0x00007ffd3d5ec000 	C:\Windows\SYSTEM32\dbgcore.DLL
0x00007ffd50340000 - 0x00007ffd503c2000 	C:\Windows\System32\bcryptPrimitives.dll
0x00007ffd304a0000 - 0x00007ffd304c5000 	C:\Programming\openjdk-17.0.2\bin\java.dll

dbghelp: loaded successfully - version: 4.0.5 - missing functions: none
symbol engine: initialized successfully - sym options: 0x614 - pdb path: .;C:\Programming\openjdk-17.0.2\bin;C:\Windows\SYSTEM32;C:\Windows\WinSxS\amd64_microsoft.windows.common-controls_6595b64144ccf1df_6.0.19041.1110_none_60b5254171f9507e;C:\Programming\openjdk-17.0.2\bin\server

VM Arguments:
java_command: org.jetbrains.kotlin.cli.jvm.K2JVMCompiler @D:\UserApplication\app\build\20220301_2227128671069300756.compiler.options
java_class_path (initial): C:\Programming\gradle\caches\modules-2\files-2.1\org.jetbrains.kotlin\kotlin-compiler-embeddable\1.6.10\88f2073f4020cdb83132cfe940ceb9a60aba54ea\kotlin-compiler-embeddable-1.6.10.jar;C:\Programming\gradle\caches\modules-2\files-2.1\org.jetbrains.kotlin\kotlin-reflect\1.6.10\1cbe9c92c12a94eea200d23c2bbaedaf3daf5132\kotlin-reflect-1.6.10.jar;C:\Programming\gradle\caches\modules-2\files-2.1\org.jetbrains.kotlin\kotlin-stdlib\1.6.10\b8af3fe6f1ca88526914929add63cf5e7c5049af\kotlin-stdlib-1.6.10.jar;C:\Programming\gradle\caches\modules-2\files-2.1\org.jetbrains.kotlin\kotlin-script-runtime\1.6.10\d0a7ff2e2500ef497ed0214ae40ad3c8387a6164\kotlin-script-runtime-1.6.10.jar;C:\Programming\gradle\caches\modules-2\files-2.1\org.jetbrains.kotlin\kotlin-daemon-embeddable\1.6.10\a56d79bcbea411fa6058e4ecffc2de73e742bd2a\kotlin-daemon-embeddable-1.6.10.jar;C:\Programming\gradle\caches\modules-2\files-2.1\org.jetbrains.intellij.deps\trove4j\1.0.20181211\216c2e14b070f334479d800987affe4054cd563f\trove4j-1.0.20181211.jar;C:\Programming\gradle\caches\modules-2\files-2.1\net.java.dev.jna\jna\5.6.0\330f2244e9030119ab3030fc3fededc86713d9cc\jna-5.6.0.jar;C:\Programming\gradle\caches\modules-2\files-2.1\org.jetbrains\annotations\13.0\919f0dfe192fb4e063e7dacadee7f8bb9a2672a9\annotations-13.0.jar;C:\Programming\gradle\caches\modules-2\files-2.1\org.jetbrains.kotlin\kotlin-stdlib-common\1.6.10\c118700e3a33c8a0d9adc920e9dec0831171925\kotlin-stdlib-common-1.6.10.jar
Launcher Type: SUN_STANDARD

[Global flags]
     intx CICompilerCount                          = 4                                         {product} {ergonomic}
     uint ConcGCThreads                            = 2                                         {product} {ergonomic}
     uint G1ConcRefinementThreads                  = 8                                         {product} {ergonomic}
   size_t G1HeapRegionSize                         = 2097152                                   {product} {ergonomic}
    uintx GCDrainStackTargetSize                   = 64                                        {product} {ergonomic}
   size_t InitialHeapSize                          = 184549376                                 {product} {ergonomic}
   size_t MarkStackSize                            = 4194304                                   {product} {ergonomic}
   size_t MaxHeapSize                              = 2925527040                                {product} {ergonomic}
   size_t MinHeapDeltaBytes                        = 2097152                                   {product} {ergonomic}
   size_t MinHeapSize                              = 8388608                                   {product} {ergonomic}
    uintx NonNMethodCodeHeapSize                   = 5839372                                {pd product} {ergonomic}
    uintx NonProfiledCodeHeapSize                  = 122909434                              {pd product} {ergonomic}
    uintx ProfiledCodeHeapSize                     = 122909434                              {pd product} {ergonomic}
    uintx ReservedCodeCacheSize                    = 251658240                              {pd product} {ergonomic}
     bool SegmentedCodeCache                       = true                                      {product} {ergonomic}
   size_t SoftMaxHeapSize                          = 2925527040                             {manageable} {ergonomic}
     bool UseCompressedClassPointers               = true                           {product lp64_product} {ergonomic}
     bool UseCompressedOops                        = true                           {product lp64_product} {ergonomic}
     bool UseG1GC                                  = true                                      {product} {ergonomic}
     bool UseLargePagesIndividualAllocation        = false                                  {pd product} {ergonomic}

Logging:
Log output configuration:
 #0: stdout all=warning uptime,level,tags
 #1: stderr all=off uptime,level,tags

Environment Variables:
JAVA_HOME=C:\Programming\openjdk-17.0.2
PATH=C:\Program Files (x86)\VMware\VMware Player\bin\;C:\Windows\system32;C:\Windows;C:\Windows\System32\Wbem;C:\Windows\System32\WindowsPowerShell\v1.0\;C:\Windows\System32\OpenSSH\;C:\Program Files\Bandizip\;C:\Program Files\Microsoft VS Code\bin;C:\Program Files\Git\cmd;C:\Programming\openjdk-17.0.2\bin;C:\Program Files\MySQL\MySQL Shell 8.0\bin\;C:\Users\±èÀÍÇö\AppData\Local\Microsoft\WindowsApps;
USERNAME=±èÀÍÇö
OS=Windows_NT
PROCESSOR_IDENTIFIER=AMD64 Family 23 Model 17 Stepping 0, AuthenticAMD



---------------  S Y S T E M  ---------------

OS:
 Windows 10 , 64 bit Build 19041 (10.0.19041.1503)
OS uptime: 0 days 0:54 hours

CPU: total 8 (initial active 8) (8 cores per cpu, 2 threads per core) family 23 model 17 stepping 0 microcode 0x0, cx8, cmov, fxsr, ht, mmx, 3dnowpref, sse, sse2, sse3, ssse3, sse4a, sse4.1, sse4.2, popcnt, lzcnt, tsc, tscinvbit, avx, avx2, aes, clmul, bmi1, bmi2, adx, sha, fma, vzeroupper, clflush, clflushopt

Memory: 4k page, system-wide physical 11156M (1888M free)
TotalPageFile size 11156M (AvailPageFile size 5M)
current process WorkingSet (physical memory assigned to process): 10M, peak: 10M
current process commit charge ("private bytes"): 54M, peak: 55M

vm_info: OpenJDK 64-Bit Server VM (17.0.2+8-86) for windows-amd64 JRE (17.0.2+8-86), built on Dec  7 2021 21:49:10 by "mach5one" with MS VC++ 16.8 / 16.9 (VS2019)

END.
